Base path: F:/Unity/Editor/Data
Pipe name: \\.\pipe\UnityShaderCompiler-1-4556
Cmd: getPlatforms
Cmd: preprocess
  insize=429 outsize=1175 ok=1
Cmd: preprocess
  insize=924 outsize=1643 ok=1
Cmd: compileSnippet
  api=4 type=0 insize=5184 outsize=3793 kw=DIRECTIONAL SHADOWS_OFF LIGHTMAP_OFF DIRLIGHTMAP_OFF ok=1
Cmd: compileSnippet
  api=4 type=1 insize=5184 outsize=1900 kw=DIRECTIONAL SHADOWS_OFF LIGHTMAP_OFF DIRLIGHTMAP_OFF ok=1
Cmd: compileSnippet
  api=4 type=0 insize=2499 outsize=2867 kw=POINT ok=1
Cmd: compileSnippet
  api=4 type=1 insize=2499 outsize=2005 kw=POINT ok=1
Cmd: compileSnippet
  api=4 type=0 insize=2000 outsize=1477 kw= ok=1
Cmd: compileSnippet
  api=4 type=1 insize=2000 outsize=673 kw= ok=1
Cmd: compileSnippet
  api=4 type=0 insize=4586 outsize=3582 kw=LIGHTMAP_OFF DIRLIGHTMAP_OFF HDR_LIGHT_PREPASS_OFF ok=1
Cmd: compileSnippet
  api=4 type=1 insize=4586 outsize=1388 kw=LIGHTMAP_OFF DIRLIGHTMAP_OFF HDR_LIGHT_PREPASS_OFF ok=1
Cmd: preprocess
  insize=924 outsize=1643 ok=1
Cmd: compileSnippet
  api=4 type=0 insize=2499 outsize=2119 kw=DIRECTIONAL ok=1
Cmd: compileSnippet
  api=4 type=1 insize=2499 outsize=1534 kw=DIRECTIONAL ok=1
